#
# A fatal error has been detected by the Java Runtime Environment:
#
#  EXCEPTION_ACCESS_VIOLATION (0xc0000005) at pc=0x00007ffdb3701ed4, pid=1788, tid=7472
#
# JRE version: Java(TM) SE Runtime Environment (8.0_65-b17) (build 1.8.0_65-b17)
# Java VM: Java HotSpot(TM) 64-Bit Server VM (25.65-b01 mixed mode windows-amd64 compressed oops)
# Problematic frame:
# C  [OPENGL32.dll+0xe1ed4]
#
# Failed to write core dump. Minidumps are not enabled by default on client versions of Windows
#
# If you would like to submit a bug report, please visit:
#   http://bugreport.java.com/bugreport/crash.jsp
#

---------------  T H R E A D  ---------------

Current thread (0x00000000173c8000):  VMThread [stack: 0x0000000018470000,0x0000000018570000] [id=7472]

siginfo: ExceptionCode=0xc0000005, reading address 0x0000000000000a38

Registers:
RAX=0x0000000000000000, RBX=0x00000000228e2c60, RCX=0x0000000000000001, RDX=0x00000000228e2c68
RSP=0x000000001856f378, RBP=0x0000000000000000, RSI=0x00000000228e46d0, RDI=0x00000000228e46d0
R8 =0x000000001856f3f8, R9 =0x00000000027b0e50, R10=0x0000000000000000, R11=0x0000000000000286
R12=0x0000000000000000, R13=0x0000000022627330, R14=0x00000000226271e0, R15=0x0000000000000000
RIP=0x00007ffdb3701ed4, EFLAGS=0x0000000000010283

Top of Stack: (sp=0x000000001856f378)
0x000000001856f378:   00007ffdc35c26cb 0000000000000000
0x000000001856f388:   0000000000000002 0000000022627330
0x000000001856f398:   0000000000000001 0000000000000000
0x000000001856f3a8:   00007ffdc35c8197 0000000022620000
0x000000001856f3b8:   0000000022620000 0000000000000000
0x000000001856f3c8:   0000000000000000 fffffffffffffffe
0x000000001856f3d8:   000000001856f440 0000000000000000
0x000000001856f3e8:   00007ffdc35c8a49 00000000228e46d0
0x000000001856f3f8:   00000000228e7150 00007ffdc36b17b0
0x000000001856f408:   00007ffdc3645568 fffffffffffffffe
0x000000001856f418:   00000000226271e0 0000000000000001
0x000000001856f428:   0000000022627308 00000000226271e0
0x000000001856f438:   00007ffdc364d61d 00007ffdc37865b0
0x000000001856f448:   00007ffdc36b17a0 00000000027b0e50
0x000000001856f458:   00000000173c8bf0 0000000022627308
0x000000001856f468:   00000000226271e0 00000000226271e0 

Instructions: (pc=0x00007ffdb3701ed4)
0x00007ffdb3701eb4:   cc cc cc cc cc cc 66 0f 1f 44 00 00 8b 05 42 71
0x00007ffdb3701ec4:   01 00 83 f8 40 73 0f 65 48 8b 04 c5 80 14 00 00
0x00007ffdb3701ed4:   ff a0 38 0a 00 00 b8 47 01 00 00 e9 ec d4 ff ff
0x00007ffdb3701ee4:   cc cc cc cc cc cc 66 0f 1f 44 00 00 8b 05 12 71 


Register to memory mapping:

RAX=0x0000000000000000 is an unknown value
RBX=0x00000000228e2c60 is an unknown value
RCX=0x0000000000000001 is an unknown value
RDX=0x00000000228e2c68 is an unknown value
RSP=0x000000001856f378 is an unknown value
RBP=0x0000000000000000 is an unknown value
RSI=0x00000000228e46d0 is an unknown value
RDI=0x00000000228e46d0 is an unknown value
R8 =0x000000001856f3f8 is an unknown value
R9 =0x00000000027b0e50 is an unknown value
R10=0x0000000000000000 is an unknown value
R11=0x0000000000000286 is an unknown value
R12=0x0000000000000000 is an unknown value
R13=0x0000000022627330 is an unknown value
R14=0x00000000226271e0 is an unknown value
R15=0x0000000000000000 is an unknown value


Stack: [0x0000000018470000,0x0000000018570000],  sp=0x000000001856f378,  free space=1020k
Native frames: (J=compiled Java code, j=interpreted, Vv=VM code, C=native code)

VM_Operation (0x0000000019d0f280): Exit, mode: safepoint, requested by thread 0x00000000190ad800


---------------  P R O C E S S  ---------------

Java Threads: ( => current thread )
  0x000000001a0c1800 JavaThread "LWJGL Timer" daemon [_thread_blocked, id=4608, stack(0x0000000021c70000,0x0000000021d70000)]
  0x000000000250e000 JavaThread "DestroyJavaVM" [_thread_blocked, id=7284, stack(0x0000000002610000,0x0000000002710000)]
  0x00000000190ad800 JavaThread "LWJGL Application" [_thread_blocked, id=5580, stack(0x0000000019c10000,0x0000000019d10000)]
  0x0000000018d99800 JavaThread "Service Thread" daemon [_thread_blocked, id=8100, stack(0x0000000019170000,0x0000000019270000)]
  0x0000000017404800 JavaThread "C1 CompilerThread2" daemon [_thread_blocked, id=700, stack(0x0000000018c70000,0x0000000018d70000)]
  0x0000000017402000 JavaThread "C2 CompilerThread1" daemon [_thread_blocked, id=2480, stack(0x0000000018b70000,0x0000000018c70000)]
  0x00000000173fe000 JavaThread "C2 CompilerThread0" daemon [_thread_blocked, id=7332, stack(0x0000000018a70000,0x0000000018b70000)]
  0x00000000173fc800 JavaThread "Attach Listener" daemon [_thread_blocked, id=4412, stack(0x0000000018970000,0x0000000018a70000)]
  0x00000000173fb800 JavaThread "Signal Dispatcher" daemon [_thread_blocked, id=2736, stack(0x0000000018870000,0x0000000018970000)]
  0x0000000002807000 JavaThread "Finalizer" daemon [_thread_blocked, id=6708, stack(0x0000000018670000,0x0000000018770000)]
  0x00000000027fe000 JavaThread "Reference Handler" daemon [_thread_blocked, id=3536, stack(0x0000000018570000,0x0000000018670000)]

Other Threads:
=>0x00000000173c8000 VMThread [stack: 0x0000000018470000,0x0000000018570000] [id=7472]

VM state:at safepoint (shutting down)

VM Mutex/Monitor currently owned by a thread:  ([mutex/lock_event])
[0x000000000250d470] Threads_lock - owner thread: 0x00000000173c8000

Heap:
 PSYoungGen      total 38400K, used 12195K [0x00000000d5700000, 0x00000000d8180000, 0x0000000100000000)
  eden space 33280K, 36% used [0x00000000d5700000,0x00000000d62e8c80,0x00000000d7780000)
  from space 5120K, 0% used [0x00000000d7c80000,0x00000000d7c80000,0x00000000d8180000)
  to   space 5120K, 0% used [0x00000000d7780000,0x00000000d7780000,0x00000000d7c80000)
 ParOldGen       total 87552K, used 0K [0x0000000080400000, 0x0000000085980000, 0x00000000d5700000)
  object space 87552K, 0% used [0x0000000080400000,0x0000000080400000,0x0000000085980000)
 Metaspace       used 6396K, capacity 6819K, committed 7040K, reserved 1056768K
  class space    used 600K, capacity 624K, committed 640K, reserved 1048576K

Card table byte_map: [0x0000000011bd0000,0x0000000011fd0000] byte_map_base: 0x00000000117ce000

Marking Bits: (ParMarkBitMap*) 0x0000000066c5a5b0
 Begin Bits: [0x0000000012680000, 0x0000000014670000)
 End Bits:   [0x0000000014670000, 0x0000000016660000)

Polling page: 0x00000000023b0000

CodeCache: size=245760Kb used=2708Kb max_used=2719Kb free=243051Kb
 bounds [0x0000000002810000, 0x0000000002ac0000, 0x0000000011810000]
 total_blobs=1037 nmethods=601 adapters=349
 compilation: enabled

Compilation events (10 events):
Event: 15.395 Thread 0x0000000017402000  597       4       com.badlogic.gdx.graphics.g2d.Sprite::getVertices (386 bytes)
Event: 15.399 Thread 0x0000000017402000 nmethod 597 0x0000000002ab4990 code [0x0000000002ab4b60, 0x0000000002ab4f58]
Event: 16.261 Thread 0x0000000017404800  598       3       java.nio.HeapByteBuffer::_put (8 bytes)
Event: 16.261 Thread 0x0000000017404800 nmethod 598 0x0000000002ab5e10 code [0x0000000002ab5f60, 0x0000000002ab60d0]
Event: 16.261 Thread 0x0000000017404800  599       3       java.nio.HeapByteBuffer::_get (7 bytes)
Event: 16.261 Thread 0x0000000017404800 nmethod 599 0x0000000002ab5a50 code [0x0000000002ab5ba0, 0x0000000002ab5d10]
Event: 16.595 Thread 0x0000000017404800  600       3       java.lang.Math::max (11 bytes)
Event: 16.595 Thread 0x0000000017404800 nmethod 600 0x0000000002ab5710 code [0x0000000002ab5860, 0x0000000002ab59f0]
Event: 16.844 Thread 0x0000000017404800  601       1       java.nio.HeapByteBuffer::ix (7 bytes)
Event: 16.844 Thread 0x0000000017404800 nmethod 601 0x0000000002ab5450 code [0x0000000002ab55a0, 0x0000000002ab56b0]

GC Heap History (0 events):
No events

Deoptimization events (0 events):
No events

Internal exceptions (10 events):
Event: 0.095 Thread 0x000000000250e000 Exception <a 'java/security/PrivilegedActionException'> (0x00000000d59e8168) thrown at [C:\workspace\8-2-build-windows-amd64-cygwin\jdk8u65\4987\hotspot\src\share\vm\prims\jvm.cpp, line 1386]
Event: 0.095 Thread 0x000000000250e000 Exception <a 'java/security/PrivilegedActionException'> (0x00000000d59e8378) thrown at [C:\workspace\8-2-build-windows-amd64-cygwin\jdk8u65\4987\hotspot\src\share\vm\prims\jvm.cpp, line 1386]
Event: 0.095 Thread 0x000000000250e000 Exception <a 'java/security/PrivilegedActionException'> (0x00000000d59ebf20) thrown at [C:\workspace\8-2-build-windows-amd64-cygwin\jdk8u65\4987\hotspot\src\share\vm\prims\jvm.cpp, line 1386]
Event: 0.095 Thread 0x000000000250e000 Exception <a 'java/security/PrivilegedActionException'> (0x00000000d59ec130) thrown at [C:\workspace\8-2-build-windows-amd64-cygwin\jdk8u65\4987\hotspot\src\share\vm\prims\jvm.cpp, line 1386]
Event: 0.157 Thread 0x000000000250e000 Exception <a 'java/security/PrivilegedActionException'> (0x00000000d5b82678) thrown at [C:\workspace\8-2-build-windows-amd64-cygwin\jdk8u65\4987\hotspot\src\share\vm\prims\jvm.cpp, line 1386]
Event: 0.158 Thread 0x000000000250e000 Exception <a 'java/security/PrivilegedActionException'> (0x00000000d5b84350) thrown at [C:\workspace\8-2-build-windows-amd64-cygwin\jdk8u65\4987\hotspot\src\share\vm\prims\jvm.cpp, line 1386]
Event: 0.158 Thread 0x000000000250e000 Exception <a 'java/security/PrivilegedActionException'> (0x00000000d5b854c0) thrown at [C:\workspace\8-2-build-windows-amd64-cygwin\jdk8u65\4987\hotspot\src\share\vm\prims\jvm.cpp, line 1386]
Event: 0.158 Thread 0x000000000250e000 Exception <a 'java/security/PrivilegedActionException'> (0x00000000d5b8a628) thrown at [C:\workspace\8-2-build-windows-amd64-cygwin\jdk8u65\4987\hotspot\src\share\vm\prims\jvm.cpp, line 1386]
Event: 0.158 Thread 0x000000000250e000 Exception <a 'java/security/PrivilegedActionException'> (0x00000000d5b8b280) thrown at [C:\workspace\8-2-build-windows-amd64-cygwin\jdk8u65\4987\hotspot\src\share\vm\prims\jvm.cpp, line 1386]
Event: 0.158 Thread 0x000000000250e000 Exception <a 'java/security/PrivilegedActionException'> (0x00000000d5b8bea8) thrown at [C:\workspace\8-2-build-windows-amd64-cygwin\jdk8u65\4987\hotspot\src\share\vm\prims\jvm.cpp, line 1386]

Events (10 events):
Event: 17.351 loading class java/util/HashMap$Values done
Event: 17.351 loading class java/util/HashMap$ValueIterator
Event: 17.351 loading class java/util/HashMap$ValueIterator done
Event: 17.351 loading class java/util/IdentityHashMap$KeySet
Event: 17.351 loading class java/util/IdentityHashMap$KeySet done
Event: 17.351 loading class java/util/IdentityHashMap$KeyIterator
Event: 17.351 loading class java/util/IdentityHashMap$IdentityHashMapIterator
Event: 17.351 loading class java/util/IdentityHashMap$IdentityHashMapIterator done
Event: 17.351 loading class java/util/IdentityHashMap$KeyIterator done
Event: 17.351 Executing VM operation: Exit


Dynamic libraries:
0x00007ff664770000 - 0x00007ff6647a7000 	C:\Program Files\Java\jre1.8.0_65\bin\javaw.exe
0x00007ffdd6790000 - 0x00007ffdd6951000 	C:\WINDOWS\SYSTEM32\ntdll.dll
0x00007ffdd64c0000 - 0x00007ffdd656d000 	C:\WINDOWS\system32\KERNEL32.DLL
0x00007ffdd3c30000 - 0x00007ffdd3e0d000 	C:\WINDOWS\system32\KERNELBASE.dll
0x00007ffdd6410000 - 0x00007ffdd64b6000 	C:\WINDOWS\system32\ADVAPI32.dll
0x00007ffdd6370000 - 0x00007ffdd640d000 	C:\WINDOWS\system32\msvcrt.dll
0x00007ffdd5ed0000 - 0x00007ffdd5f2b000 	C:\WINDOWS\system32\sechost.dll
0x00007ffdd5720000 - 0x00007ffdd5846000 	C:\WINDOWS\system32\RPCRT4.dll
0x00007ffdd59a0000 - 0x00007ffdd5aee000 	C:\WINDOWS\system32\USER32.dll
0x00007ffdd5f30000 - 0x00007ffdd60b6000 	C:\WINDOWS\system32\GDI32.dll
0x00007ffdc2430000 - 0x00007ffdc26a4000 	C:\WINDOWS\WinSxS\amd64_microsoft.windows.common-controls_6595b64144ccf1df_6.0.10240.16384_none_f41f7b285750ef43\COMCTL32.dll
0x00007ffdd60c0000 - 0x00007ffdd60f6000 	C:\WINDOWS\system32\IMM32.DLL
0x00007ffdd6570000 - 0x00007ffdd66cc000 	C:\WINDOWS\system32\MSCTF.dll
0x0000000066300000 - 0x00000000663d2000 	C:\Program Files\Java\jre1.8.0_65\bin\msvcr100.dll
0x0000000066450000 - 0x0000000066cd9000 	C:\Program Files\Java\jre1.8.0_65\bin\server\jvm.dll
0x00007ffdd5930000 - 0x00007ffdd5938000 	C:\WINDOWS\system32\PSAPI.DLL
0x00007ffdd18d0000 - 0x00007ffdd18d9000 	C:\WINDOWS\SYSTEM32\WSOCK32.dll
0x00007ffdd5e60000 - 0x00007ffdd5ec9000 	C:\WINDOWS\system32\WS2_32.dll
0x00007ffdd5da0000 - 0x00007ffdd5da8000 	C:\WINDOWS\system32\NSI.dll
0x00007ffdd0400000 - 0x00007ffdd040a000 	C:\WINDOWS\SYSTEM32\VERSION.dll
0x00007ffdd1470000 - 0x00007ffdd1493000 	C:\WINDOWS\SYSTEM32\WINMM.dll
0x0000000000c30000 - 0x0000000000c5c000 	C:\WINDOWS\SYSTEM32\WINMMBASE.dll
0x00007ffdd3e10000 - 0x00007ffdd3e54000 	C:\WINDOWS\system32\cfgmgr32.dll
0x00007ffdd1a90000 - 0x00007ffdd1ab7000 	C:\WINDOWS\SYSTEM32\DEVOBJ.dll
0x0000000067d10000 - 0x0000000067d1f000 	C:\Program Files\Java\jre1.8.0_65\bin\verify.dll
0x0000000067ce0000 - 0x0000000067d09000 	C:\Program Files\Java\jre1.8.0_65\bin\java.dll
0x0000000067cc0000 - 0x0000000067cd6000 	C:\Program Files\Java\jre1.8.0_65\bin\zip.dll
0x00007ffdd41f0000 - 0x00007ffdd5712000 	C:\WINDOWS\system32\SHELL32.dll
0x00007ffdd35a0000 - 0x00007ffdd3bc8000 	C:\WINDOWS\system32\windows.storage.dll
0x00007ffdd5af0000 - 0x00007ffdd5d6c000 	C:\WINDOWS\system32\combase.dll
0x00007ffdd5940000 - 0x00007ffdd5991000 	C:\WINDOWS\system32\shlwapi.dll
0x00007ffdd31e0000 - 0x00007ffdd31ef000 	C:\WINDOWS\system32\kernel.appcore.dll
0x00007ffdd3430000 - 0x00007ffdd34e3000 	C:\WINDOWS\system32\shcore.dll
0x00007ffdd31f0000 - 0x00007ffdd323a000 	C:\WINDOWS\system32\powrprof.dll
0x00007ffdd31c0000 - 0x00007ffdd31d3000 	C:\WINDOWS\system32\profapi.dll
0x0000000065580000 - 0x0000000065616000 	C:\Users\chema\AppData\Local\Temp\libgdxchema\12247155\gdx64.dll
0x00007ffdd2a30000 - 0x00007ffdd2a47000 	C:\WINDOWS\SYSTEM32\CRYPTSP.dll
0x00007ffdd30f0000 - 0x00007ffdd3118000 	C:\WINDOWS\SYSTEM32\bcrypt.dll
0x00007ffdd2680000 - 0x00007ffdd26b3000 	C:\WINDOWS\system32\rsaenh.dll
0x00007ffdd2860000 - 0x00007ffdd287f000 	C:\WINDOWS\SYSTEM32\USERENV.dll
0x00007ffdd2f80000 - 0x00007ffdd2feb000 	C:\WINDOWS\system32\bcryptprimitives.dll
0x00007ffdd2b80000 - 0x00007ffdd2b8b000 	C:\WINDOWS\SYSTEM32\CRYPTBASE.dll
0x0000000066430000 - 0x000000006644a000 	C:\Program Files\Java\jre1.8.0_65\bin\net.dll
0x00007ffdd29d0000 - 0x00007ffdd2a2d000 	C:\WINDOWS\system32\mswsock.dll
0x00007ffdd11c0000 - 0x00007ffdd11f8000 	C:\WINDOWS\SYSTEM32\IPHLPAPI.DLL
0x00007ffdd0f60000 - 0x00007ffdd0f6b000 	C:\WINDOWS\SYSTEM32\WINNSI.DLL
0x00007ffdcfe00000 - 0x00007ffdcfe16000 	C:\WINDOWS\SYSTEM32\dhcpcsvc6.DLL
0x00007ffdcfd20000 - 0x00007ffdcfd3a000 	C:\WINDOWS\SYSTEM32\dhcpcsvc.DLL
0x0000000066410000 - 0x0000000066421000 	C:\Program Files\Java\jre1.8.0_65\bin\nio.dll
0x0000000180000000 - 0x0000000180053000 	C:\Users\chema\AppData\Local\Temp\libgdxchema\dc0f0009\lwjgl64.dll
0x00007ffdb3620000 - 0x00007ffdb3748000 	C:\WINDOWS\SYSTEM32\OPENGL32.dll
0x00007ffdb7230000 - 0x00007ffdb725e000 	C:\WINDOWS\SYSTEM32\GLU32.dll
0x00007ffdb3520000 - 0x00007ffdb3616000 	C:\WINDOWS\SYSTEM32\DDRAW.dll
0x00007ffdd18a0000 - 0x00007ffdd18a8000 	C:\WINDOWS\SYSTEM32\DCIMAN32.dll
0x0000000002480000 - 0x00000000024e4000 	C:\Users\chema\AppData\Local\Temp\libgdxchema\dc0f0009\OpenAL64.dll
0x00007ffdd40a0000 - 0x00007ffdd41e1000 	C:\WINDOWS\system32\ole32.dll
0x00007ffdd1ac0000 - 0x00007ffdd1b56000 	C:\WINDOWS\system32\uxtheme.dll
0x00007ffda7c20000 - 0x00007ffda7c48000 	C:\Program Files (x86)\Raptr\ltc_help64-105427.dll
0x00007ffdd3bd0000 - 0x00007ffdd3c24000 	C:\WINDOWS\system32\WINTRUST.dll
0x00007ffdd3240000 - 0x00007ffdd3251000 	C:\WINDOWS\system32\MSASN1.dll
0x00007ffdd3260000 - 0x00007ffdd3421000 	C:\WINDOWS\system32\CRYPT32.dll
0x00007ffdd5db0000 - 0x00007ffdd5e55000 	C:\WINDOWS\system32\clbcatq.dll
0x00007ffdd0a70000 - 0x00007ffdd0bf3000 	C:\WINDOWS\System32\PROPSYS.dll
0x00007ffdd6100000 - 0x00007ffdd61be000 	C:\WINDOWS\system32\OLEAUT32.dll
0x00007ffdb7050000 - 0x00007ffdb70ec000 	C:\WINDOWS\SYSTEM32\dsound.dll
0x00007ffdd0060000 - 0x00007ffdd00d2000 	C:\WINDOWS\System32\MMDevApi.dll
0x00007ffdb78d0000 - 0x00007ffdb7955000 	C:\WINDOWS\SYSTEM32\AUDIOSES.DLL
0x00007ffdceaf0000 - 0x00007ffdcec21000 	C:\WINDOWS\SYSTEM32\wintypes.dll
0x00007ffdd0f70000 - 0x00007ffdd0f92000 	C:\WINDOWS\system32\dwmapi.dll
0x00007ffdcbcf0000 - 0x00007ffdcbd08000 	C:\WINDOWS\SYSTEM32\atig6pxx.dll
0x000000001a610000 - 0x000000001c410000 	C:\WINDOWS\SYSTEM32\atio6axx.dll
0x00007ffdd3ed0000 - 0x00007ffdd4095000 	C:\WINDOWS\system32\SETUPAPI.dll
0x00007ffdad3e0000 - 0x00007ffdad521000 	C:\WINDOWS\SYSTEM32\atiadlxx.dll
0x00007ffdd10f0000 - 0x00007ffdd1103000 	C:\WINDOWS\SYSTEM32\WTSAPI32.dll
0x00007ffdcbcc0000 - 0x00007ffdcbcec000 	C:\WINDOWS\SYSTEM32\atig6txx.dll
0x00007ffda24d0000 - 0x00007ffda2561000 	C:\WINDOWS\SYSTEM32\mscms.dll
0x00007ffdc3cb0000 - 0x00007ffdc3cf2000 	C:\WINDOWS\SYSTEM32\icm32.dll
0x00007ffdd5d80000 - 0x00007ffdd5d9c000 	C:\WINDOWS\system32\imagehlp.dll
0x00007ffdd20e0000 - 0x00007ffdd2103000 	C:\WINDOWS\SYSTEM32\gpapi.dll
0x00007ffdc1260000 - 0x00007ffdc128f000 	C:\Windows\System32\cryptnet.dll
0x00007ffdd6730000 - 0x00007ffdd678b000 	C:\WINDOWS\system32\WLDAP32.dll
0x00007ffdc3560000 - 0x00007ffdc37a8000 	C:\PROGRA~2\Raptr\ltc_game64-105427.dll
0x00007ffdbd390000 - 0x00007ffdbd51a000 	C:\WINDOWS\SYSTEM32\dbghelp.dll

VM Arguments:
jvm_args: -Dfile.encoding=Cp1252 
java_command: com.mygdx.game.desktop.DesktopLauncher
java_class_path (initial): E:\PruebaKaza\desktop\bin;C:\Users\chema\.gradle\caches\modules-2\files-2.1\com.badlogicgames.gdx\gdx-backend-lwjgl\1.7.1\d4531b364d1c2513cb99e7bdd9515ae317007cf5\gdx-backend-lwjgl-1.7.1.jar;C:\Users\chema\.gradle\caches\modules-2\files-2.1\com.badlogicgames.gdx\gdx-box2d-platform\1.7.1\6c9c371807914fcf8b354bb51ab67af2a4fda2dc\gdx-box2d-platform-1.7.1-natives-desktop.jar;C:\Users\chema\.gradle\caches\modules-2\files-2.1\com.badlogicgames.gdx\gdx-platform\1.7.1\5cf3464f2b86da3534f6f5e3020bc303db3c4202\gdx-platform-1.7.1-natives-desktop.jar;C:\Users\chema\.gradle\caches\modules-2\files-2.1\com.badlogicgames.gdx\gdx\1.7.1\2179cc613447c297623a4a6d2ba6692c3aaff804\gdx-1.7.1.jar;C:\Users\chema\.gradle\caches\modules-2\files-2.1\com.badlogicgames.jlayer\jlayer\1.0.1-gdx\7cca83cec5c1b2f011362f4d85aabd71a73b049d\jlayer-1.0.1-gdx.jar;C:\Users\chema\.gradle\caches\modules-2\files-2.1\net.java.jinput\jinput-platform\2.0.5\385ee093e01f587f30ee1c8a2ee7d408fd732e16\jinput-platform-2.0.5-natives-windows.jar;C:\Users\chema\.gradle\caches\modules-2\files-2.1\net.java.jinput\jinput-platform\2.0.5\53f9c919f34d2ca9de8c51fc4e1e8282029a9232\jinput-platform-2.0.5-natives-osx.jar;C:\Users\chema\.gradle\caches\modules-2\files-2.1\net.java.jinput\jinput-platform\2.0.5\7ff832a6eb9ab6a767f1ade2b548092d0fa64795\jinput-platform-2.0.5-natives-linux.jar;C:\Users\chema\.gradle\caches\modules-2\files-2.1\net.java.jinput\jinput\2.0.5\39c7796b469a600f72380316f6b1f11db6c2c7c4\jinput-2.0.5.jar;C:\Users\chema\.gradle\caches\modules-2\files-2.1\net.java.jutils\jutils\1.0.0\e12fe1fda814bd348c1579329c86943d2cd3c6a6\jutils-1.0.0.jar;C:\Users\chema\.gradle\caches\modules-2\files-2.1\org.jcraft\jorbis\0.0.17\8872d22b293e8f5d7d56ff92be966e6dc28ebdc6\jorbis-0.0.17.jar;C:\Users\chema\.gradle\caches\modules-2\files-2.1\org.lwjgl.lwjgl\lwjgl-platform\2.9.2\510c7d317f5e9e700b9cfaac5fd38bdebf0702e0\lwjgl-platform-2.9.2-natives-windows.jar;C:\Users\chema\.gradle\caches\modules-2\files-2.1\o
Launcher Type: SUN_STANDARD

Environment Variables:
PATH=C:/Program Files/Java/jre1.8.0_65/bin/server;C:/Program Files/Java/jre1.8.0_65/bin;C:/Program Files/Java/jre1.8.0_65/lib/amd64;C:\ProgramData\Oracle\Java\javapath;C:\Program Files (x86)\NVIDIA Corporation\PhysX\Common;C:\WINDOWS\system32;C:\WINDOWS;C:\WINDOWS\System32\Wbem;C:\WINDOWS\System32\WindowsPowerShell\v1.0\;C:\Program Files (x86)\ATI Technologies\ATI.ACE\Core-Static;C:\Program Files (x86)\Skype\Phone\;E:\Program Files\AMD\ATI.ACE\Core-Static;E:\Program Files\MATLAB\R2015b\runtime\win64;E:\Program Files\MATLAB\R2015b\bin;C:\Program Files (x86)\Microsoft SQL Server\110\Tools\Binn\;C:\Program Files\Microsoft SQL Server\110\Tools\Binn\;C:\Program Files\Microsoft SQL Server\110\DTS\Binn\;E:\Program Files\MiKTeX 2.9\miktex\bin\x64\;C:\Users\chema\Desktop;
USERNAME=chema
OS=Windows_NT
PROCESSOR_IDENTIFIER=Intel64 Family 6 Model 42 Stepping 7, GenuineIntel



---------------  S Y S T E M  ---------------

OS: Windows 10.0 , 64 bit Build 10240 (10.0.10240.16384)

CPU:total 4 (4 cores per cpu, 1 threads per core) family 6 model 42 stepping 7, cmov, cx8, fxsr, mmx, sse, sse2, sse3, ssse3, sse4.1, sse4.2, popcnt, avx, aes, clmul, tsc, tscinvbit

Memory: 4k page, physical 8371316k(4227428k free), swap 9682036k(3340636k free)

vm_info: Java HotSpot(TM) 64-Bit Server VM (25.65-b01) for windows-amd64 JRE (1.8.0_65-b17), built on Oct  6 2015 16:39:20 by "java_re" with MS VC++ 10.0 (VS2010)

time: Thu Nov 19 23:08:50 2015
elapsed time: 17 seconds (0d 0h 0m 17s)

