#
# A fatal error has been detected by the Java Runtime Environment:
#
#  EXCEPTION_ACCESS_VIOLATION (0xc0000005) at pc=0x00007ffdb7ad1ed4, pid=4300, tid=4856
#
# JRE version: Java(TM) SE Runtime Environment (8.0_65-b17) (build 1.8.0_65-b17)
# Java VM: Java HotSpot(TM) 64-Bit Server VM (25.65-b01 mixed mode windows-amd64 compressed oops)
# Problematic frame:
# C  [OPENGL32.dll+0xe1ed4]
#
# Failed to write core dump. Minidumps are not enabled by default on client versions of Windows
#
# If you would like to submit a bug report, please visit:
#   http://bugreport.java.com/bugreport/crash.jsp
#

---------------  T H R E A D  ---------------

Current thread (0x0000000017057800):  VMThread [stack: 0x00000000180e0000,0x00000000181e0000] [id=4856]

siginfo: ExceptionCode=0xc0000005, reading address 0x0000000000000a38

Registers:
RAX=0x0000000000000000, RBX=0x0000000022552b60, RCX=0x0000000000000001, RDX=0x0000000022552b68
RSP=0x00000000181df058, RBP=0x0000000000000000, RSI=0x0000000022556290, RDI=0x0000000022556290
R8 =0x00000000181df0d8, R9 =0x0000000016f66410, R10=0x0000000000000000, R11=0x0000000000000286
R12=0x0000000000000000, R13=0x00000000211f72b0, R14=0x00000000211f7160, R15=0x0000000000000000
RIP=0x00007ffdb7ad1ed4, EFLAGS=0x0000000000010283

Top of Stack: (sp=0x00000000181df058)
0x00000000181df058:   00007ffda0ae26cb 0000000000000000
0x00000000181df068:   0000000000000002 00000000211f72b0
0x00000000181df078:   0000000000000001 0000000000000000
0x00000000181df088:   00007ffda0ae8197 00000000211f0000
0x00000000181df098:   00000000211f0000 0000000000000000
0x00000000181df0a8:   0000000000000000 fffffffffffffffe
0x00000000181df0b8:   00000000181df120 0000000000000000
0x00000000181df0c8:   00007ffda0ae8a49 0000000022556290
0x00000000181df0d8:   0000000022557180 00007ffda0bd17b0
0x00000000181df0e8:   00007ffda0b65568 fffffffffffffffe
0x00000000181df0f8:   00000000211f7160 0000000000000001
0x00000000181df108:   00000000211f7288 00000000211f7160
0x00000000181df118:   00007ffda0b6d61d 00007ffda0ca65b0
0x00000000181df128:   00007ffda0bd17a0 0000000016f66410
0x00000000181df138:   0000000017058bd0 00000000211f7288
0x00000000181df148:   00000000211f7160 00000000211f7160 

Instructions: (pc=0x00007ffdb7ad1ed4)
0x00007ffdb7ad1eb4:   cc cc cc cc cc cc 66 0f 1f 44 00 00 8b 05 42 71
0x00007ffdb7ad1ec4:   01 00 83 f8 40 73 0f 65 48 8b 04 c5 80 14 00 00
0x00007ffdb7ad1ed4:   ff a0 38 0a 00 00 b8 47 01 00 00 e9 ec d4 ff ff
0x00007ffdb7ad1ee4:   cc cc cc cc cc cc 66 0f 1f 44 00 00 8b 05 12 71 


Register to memory mapping:

RAX=0x0000000000000000 is an unknown value
RBX=0x0000000022552b60 is an unknown value
RCX=0x0000000000000001 is an unknown value
RDX=0x0000000022552b68 is an unknown value
RSP=0x00000000181df058 is an unknown value
RBP=0x0000000000000000 is an unknown value
RSI=0x0000000022556290 is an unknown value
RDI=0x0000000022556290 is an unknown value
R8 =0x00000000181df0d8 is an unknown value
R9 =0x0000000016f66410 is an unknown value
R10=0x0000000000000000 is an unknown value
R11=0x0000000000000286 is an unknown value
R12=0x0000000000000000 is an unknown value
R13=0x00000000211f72b0 is an unknown value
R14=0x00000000211f7160 is an unknown value
R15=0x0000000000000000 is an unknown value


Stack: [0x00000000180e0000,0x00000000181e0000],  sp=0x00000000181df058,  free space=1020k
Native frames: (J=compiled Java code, j=interpreted, Vv=VM code, C=native code)

VM_Operation (0x00000000199af0e0): Exit, mode: safepoint, requested by thread 0x0000000018c93000


---------------  P R O C E S S  ---------------

Java Threads: ( => current thread )
  0x0000000019e73800 JavaThread "LWJGL Timer" daemon [_thread_blocked, id=5240, stack(0x0000000021a50000,0x0000000021b50000)]
  0x000000000214e000 JavaThread "DestroyJavaVM" [_thread_blocked, id=3568, stack(0x0000000002250000,0x0000000002350000)]
  0x0000000018c93000 JavaThread "LWJGL Application" [_thread_blocked, id=3284, stack(0x00000000198b0000,0x00000000199b0000)]
  0x0000000018a1f000 JavaThread "Service Thread" daemon [_thread_blocked, id=5576, stack(0x0000000018df0000,0x0000000018ef0000)]
  0x0000000017092000 JavaThread "C1 CompilerThread2" daemon [_thread_blocked, id=176, stack(0x00000000188f0000,0x00000000189f0000)]
  0x000000001708e800 JavaThread "C2 CompilerThread1" daemon [_thread_blocked, id=2664, stack(0x00000000187f0000,0x00000000188f0000)]
  0x000000001708a800 JavaThread "C2 CompilerThread0" daemon [_thread_blocked, id=5956, stack(0x00000000186f0000,0x00000000187f0000)]
  0x0000000017096800 JavaThread "Attach Listener" daemon [_thread_blocked, id=3000, stack(0x00000000185f0000,0x00000000186f0000)]
  0x0000000017095000 JavaThread "Signal Dispatcher" daemon [_thread_blocked, id=4272, stack(0x00000000184f0000,0x00000000185f0000)]
  0x0000000002457000 JavaThread "Finalizer" daemon [_thread_blocked, id=2844, stack(0x00000000182e0000,0x00000000183e0000)]
  0x000000000244e000 JavaThread "Reference Handler" daemon [_thread_blocked, id=5336, stack(0x00000000181e0000,0x00000000182e0000)]

Other Threads:
=>0x0000000017057800 VMThread [stack: 0x00000000180e0000,0x00000000181e0000] [id=4856]

VM state:at safepoint (shutting down)

VM Mutex/Monitor currently owned by a thread:  ([mutex/lock_event])
[0x000000000214d030] Threads_lock - owner thread: 0x0000000017057800

Heap:
 PSYoungGen      total 38400K, used 12889K [0x00000000d5700000, 0x00000000d8180000, 0x0000000100000000)
  eden space 33280K, 38% used [0x00000000d5700000,0x00000000d6396690,0x00000000d7780000)
  from space 5120K, 0% used [0x00000000d7c80000,0x00000000d7c80000,0x00000000d8180000)
  to   space 5120K, 0% used [0x00000000d7780000,0x00000000d7780000,0x00000000d7c80000)
 ParOldGen       total 87552K, used 0K [0x0000000080400000, 0x0000000085980000, 0x00000000d5700000)
  object space 87552K, 0% used [0x0000000080400000,0x0000000080400000,0x0000000085980000)
 Metaspace       used 6495K, capacity 6915K, committed 7168K, reserved 1056768K
  class space    used 602K, capacity 656K, committed 768K, reserved 1048576K

Card table byte_map: [0x0000000011830000,0x0000000011c30000] byte_map_base: 0x000000001142e000

Marking Bits: (ParMarkBitMap*) 0x0000000067bfa5b0
 Begin Bits: [0x00000000122e0000, 0x00000000142d0000)
 End Bits:   [0x00000000142d0000, 0x00000000162c0000)

Polling page: 0x00000000009a0000

CodeCache: size=245760Kb used=2990Kb max_used=3002Kb free=242769Kb
 bounds [0x0000000002470000, 0x0000000002770000, 0x0000000011470000]
 total_blobs=1185 nmethods=749 adapters=349
 compilation: enabled

Compilation events (10 events):
Event: 82.058 Thread 0x000000001708e800  745       4       java.nio.Buffer::nextGetIndex (38 bytes)
Event: 82.058 Thread 0x000000001708e800 nmethod 745 0x000000000275a1d0 code [0x000000000275a300, 0x000000000275a398]
Event: 82.608 Thread 0x000000001708a800  746       4       org.lwjgl.opengl.WindowsDisplay::handleMessage (29 bytes)
Event: 82.609 Thread 0x000000001708a800 nmethod 746 0x000000000275f2d0 code [0x000000000275f420, 0x000000000275f4c8]
Event: 85.441 Thread 0x000000001708e800  747   !   4       org.lwjgl.opengl.Display::isFullscreen (34 bytes)
Event: 85.443 Thread 0x000000001708e800 nmethod 747 0x000000000275ee90 code [0x000000000275efe0, 0x000000000275f218]
Event: 85.608 Thread 0x000000001708a800  748       4       java.nio.HeapByteBuffer::putInt (20 bytes)
Event: 85.610 Thread 0x000000001708a800 nmethod 748 0x000000000275d690 code [0x000000000275d7e0, 0x000000000275d958]
Event: 88.224 Thread 0x000000001708e800  749       4       org.lwjgl.opengl.Sync$RunningAvg::dampenForLowResTicker (42 bytes)
Event: 88.228 Thread 0x000000001708e800 nmethod 749 0x000000000275d290 code [0x000000000275d3e0, 0x000000000275d558]

GC Heap History (0 events):
No events

Deoptimization events (0 events):
No events

Internal exceptions (10 events):
Event: 0.091 Thread 0x000000000214e000 Exception <a 'java/security/PrivilegedActionException'> (0x00000000d59e7258) thrown at [C:\workspace\8-2-build-windows-amd64-cygwin\jdk8u65\4987\hotspot\src\share\vm\prims\jvm.cpp, line 1386]
Event: 0.091 Thread 0x000000000214e000 Exception <a 'java/security/PrivilegedActionException'> (0x00000000d59e7468) thrown at [C:\workspace\8-2-build-windows-amd64-cygwin\jdk8u65\4987\hotspot\src\share\vm\prims\jvm.cpp, line 1386]
Event: 0.092 Thread 0x000000000214e000 Exception <a 'java/security/PrivilegedActionException'> (0x00000000d59eb010) thrown at [C:\workspace\8-2-build-windows-amd64-cygwin\jdk8u65\4987\hotspot\src\share\vm\prims\jvm.cpp, line 1386]
Event: 0.092 Thread 0x000000000214e000 Exception <a 'java/security/PrivilegedActionException'> (0x00000000d59eb220) thrown at [C:\workspace\8-2-build-windows-amd64-cygwin\jdk8u65\4987\hotspot\src\share\vm\prims\jvm.cpp, line 1386]
Event: 0.154 Thread 0x000000000214e000 Exception <a 'java/security/PrivilegedActionException'> (0x00000000d5b81e48) thrown at [C:\workspace\8-2-build-windows-amd64-cygwin\jdk8u65\4987\hotspot\src\share\vm\prims\jvm.cpp, line 1386]
Event: 0.154 Thread 0x000000000214e000 Exception <a 'java/security/PrivilegedActionException'> (0x00000000d5b83b20) thrown at [C:\workspace\8-2-build-windows-amd64-cygwin\jdk8u65\4987\hotspot\src\share\vm\prims\jvm.cpp, line 1386]
Event: 0.154 Thread 0x000000000214e000 Exception <a 'java/security/PrivilegedActionException'> (0x00000000d5b84c90) thrown at [C:\workspace\8-2-build-windows-amd64-cygwin\jdk8u65\4987\hotspot\src\share\vm\prims\jvm.cpp, line 1386]
Event: 0.154 Thread 0x000000000214e000 Exception <a 'java/security/PrivilegedActionException'> (0x00000000d5b89df8) thrown at [C:\workspace\8-2-build-windows-amd64-cygwin\jdk8u65\4987\hotspot\src\share\vm\prims\jvm.cpp, line 1386]
Event: 0.154 Thread 0x000000000214e000 Exception <a 'java/security/PrivilegedActionException'> (0x00000000d5b8aa50) thrown at [C:\workspace\8-2-build-windows-amd64-cygwin\jdk8u65\4987\hotspot\src\share\vm\prims\jvm.cpp, line 1386]
Event: 0.154 Thread 0x000000000214e000 Exception <a 'java/security/PrivilegedActionException'> (0x00000000d5b8b678) thrown at [C:\workspace\8-2-build-windows-amd64-cygwin\jdk8u65\4987\hotspot\src\share\vm\prims\jvm.cpp, line 1386]

Events (10 events):
Event: 88.716 loading class java/util/HashMap$Values done
Event: 88.716 loading class java/util/HashMap$ValueIterator
Event: 88.716 loading class java/util/HashMap$ValueIterator done
Event: 88.716 loading class java/util/IdentityHashMap$KeySet
Event: 88.716 loading class java/util/IdentityHashMap$KeySet done
Event: 88.716 loading class java/util/IdentityHashMap$KeyIterator
Event: 88.716 loading class java/util/IdentityHashMap$IdentityHashMapIterator
Event: 88.716 loading class java/util/IdentityHashMap$IdentityHashMapIterator done
Event: 88.716 loading class java/util/IdentityHashMap$KeyIterator done
Event: 88.716 Executing VM operation: Exit


Dynamic libraries:
0x00007ff7233f0000 - 0x00007ff723427000 	C:\Program Files\Java\jre1.8.0_65\bin\javaw.exe
0x00007ffdd6790000 - 0x00007ffdd6951000 	C:\WINDOWS\SYSTEM32\ntdll.dll
0x00007ffdd64c0000 - 0x00007ffdd656d000 	C:\WINDOWS\system32\KERNEL32.DLL
0x00007ffdd3c30000 - 0x00007ffdd3e0d000 	C:\WINDOWS\system32\KERNELBASE.dll
0x00007ffdd6410000 - 0x00007ffdd64b6000 	C:\WINDOWS\system32\ADVAPI32.dll
0x00007ffdd6370000 - 0x00007ffdd640d000 	C:\WINDOWS\system32\msvcrt.dll
0x00007ffdd5ed0000 - 0x00007ffdd5f2b000 	C:\WINDOWS\system32\sechost.dll
0x00007ffdd5720000 - 0x00007ffdd5846000 	C:\WINDOWS\system32\RPCRT4.dll
0x00007ffdd59a0000 - 0x00007ffdd5aee000 	C:\WINDOWS\system32\USER32.dll
0x00007ffdd5f30000 - 0x00007ffdd60b6000 	C:\WINDOWS\system32\GDI32.dll
0x00007ffdc2430000 - 0x00007ffdc26a4000 	C:\WINDOWS\WinSxS\amd64_microsoft.windows.common-controls_6595b64144ccf1df_6.0.10240.16384_none_f41f7b285750ef43\COMCTL32.dll
0x00007ffdd60c0000 - 0x00007ffdd60f6000 	C:\WINDOWS\system32\IMM32.DLL
0x00007ffdd6570000 - 0x00007ffdd66cc000 	C:\WINDOWS\system32\MSCTF.dll
0x0000000066290000 - 0x0000000066362000 	C:\Program Files\Java\jre1.8.0_65\bin\msvcr100.dll
0x00000000673f0000 - 0x0000000067c79000 	C:\Program Files\Java\jre1.8.0_65\bin\server\jvm.dll
0x00007ffdd5930000 - 0x00007ffdd5938000 	C:\WINDOWS\system32\PSAPI.DLL
0x00007ffdd1470000 - 0x00007ffdd1493000 	C:\WINDOWS\SYSTEM32\WINMM.dll
0x00007ffdcf700000 - 0x00007ffdcf709000 	C:\WINDOWS\SYSTEM32\WSOCK32.dll
0x00007ffdd0400000 - 0x00007ffdd040a000 	C:\WINDOWS\SYSTEM32\VERSION.dll
0x00007ffdd5e60000 - 0x00007ffdd5ec9000 	C:\WINDOWS\system32\WS2_32.dll
0x00007ffdd5da0000 - 0x00007ffdd5da8000 	C:\WINDOWS\system32\NSI.dll
0x0000000002110000 - 0x000000000213c000 	C:\WINDOWS\SYSTEM32\WINMMBASE.dll
0x00007ffdd3e10000 - 0x00007ffdd3e54000 	C:\WINDOWS\system32\cfgmgr32.dll
0x00007ffdd1a90000 - 0x00007ffdd1ab7000 	C:\WINDOWS\SYSTEM32\DEVOBJ.dll
0x0000000067df0000 - 0x0000000067dff000 	C:\Program Files\Java\jre1.8.0_65\bin\verify.dll
0x0000000067dc0000 - 0x0000000067de9000 	C:\Program Files\Java\jre1.8.0_65\bin\java.dll
0x0000000067da0000 - 0x0000000067db6000 	C:\Program Files\Java\jre1.8.0_65\bin\zip.dll
0x00007ffdd41f0000 - 0x00007ffdd5712000 	C:\WINDOWS\system32\SHELL32.dll
0x00007ffdd35a0000 - 0x00007ffdd3bc8000 	C:\WINDOWS\system32\windows.storage.dll
0x00007ffdd5af0000 - 0x00007ffdd5d6c000 	C:\WINDOWS\system32\combase.dll
0x00007ffdd5940000 - 0x00007ffdd5991000 	C:\WINDOWS\system32\shlwapi.dll
0x00007ffdd31e0000 - 0x00007ffdd31ef000 	C:\WINDOWS\system32\kernel.appcore.dll
0x00007ffdd3430000 - 0x00007ffdd34e3000 	C:\WINDOWS\system32\shcore.dll
0x00007ffdd31f0000 - 0x00007ffdd323a000 	C:\WINDOWS\system32\powrprof.dll
0x00007ffdd31c0000 - 0x00007ffdd31d3000 	C:\WINDOWS\system32\profapi.dll
0x0000000065580000 - 0x0000000065616000 	C:\Users\chema\AppData\Local\Temp\libgdxchema\12247155\gdx64.dll
0x00007ffdd2a30000 - 0x00007ffdd2a47000 	C:\WINDOWS\SYSTEM32\CRYPTSP.dll
0x00007ffdd30f0000 - 0x00007ffdd3118000 	C:\WINDOWS\SYSTEM32\bcrypt.dll
0x00007ffdd2680000 - 0x00007ffdd26b3000 	C:\WINDOWS\system32\rsaenh.dll
0x00007ffdd2860000 - 0x00007ffdd287f000 	C:\WINDOWS\SYSTEM32\USERENV.dll
0x00007ffdd2f80000 - 0x00007ffdd2feb000 	C:\WINDOWS\system32\bcryptprimitives.dll
0x00007ffdd2b80000 - 0x00007ffdd2b8b000 	C:\WINDOWS\SYSTEM32\CRYPTBASE.dll
0x0000000067d80000 - 0x0000000067d9a000 	C:\Program Files\Java\jre1.8.0_65\bin\net.dll
0x00007ffdd29d0000 - 0x00007ffdd2a2d000 	C:\WINDOWS\system32\mswsock.dll
0x00007ffdd11c0000 - 0x00007ffdd11f8000 	C:\WINDOWS\SYSTEM32\IPHLPAPI.DLL
0x00007ffdd0f60000 - 0x00007ffdd0f6b000 	C:\WINDOWS\SYSTEM32\WINNSI.DLL
0x00007ffdcfe00000 - 0x00007ffdcfe16000 	C:\WINDOWS\SYSTEM32\dhcpcsvc6.DLL
0x00007ffdcfd20000 - 0x00007ffdcfd3a000 	C:\WINDOWS\SYSTEM32\dhcpcsvc.DLL
0x0000000067d60000 - 0x0000000067d71000 	C:\Program Files\Java\jre1.8.0_65\bin\nio.dll
0x0000000180000000 - 0x0000000180053000 	C:\Users\chema\AppData\Local\Temp\libgdxchema\dc0f0009\lwjgl64.dll
0x00007ffdb79f0000 - 0x00007ffdb7b18000 	C:\WINDOWS\SYSTEM32\OPENGL32.dll
0x00007ffdca940000 - 0x00007ffdca96e000 	C:\WINDOWS\SYSTEM32\GLU32.dll
0x00007ffdb7110000 - 0x00007ffdb7206000 	C:\WINDOWS\SYSTEM32\DDRAW.dll
0x00007ffdcd640000 - 0x00007ffdcd648000 	C:\WINDOWS\SYSTEM32\DCIMAN32.dll
0x0000000019380000 - 0x00000000193e4000 	C:\Users\chema\AppData\Local\Temp\libgdxchema\dc0f0009\OpenAL64.dll
0x00007ffdd40a0000 - 0x00007ffdd41e1000 	C:\WINDOWS\system32\ole32.dll
0x00007ffdd1ac0000 - 0x00007ffdd1b56000 	C:\WINDOWS\system32\uxtheme.dll
0x00007ffda8d20000 - 0x00007ffda8d48000 	C:\Program Files (x86)\Raptr\ltc_help64-105427.dll
0x00007ffdd3bd0000 - 0x00007ffdd3c24000 	C:\WINDOWS\system32\WINTRUST.dll
0x00007ffdd3240000 - 0x00007ffdd3251000 	C:\WINDOWS\system32\MSASN1.dll
0x00007ffdd3260000 - 0x00007ffdd3421000 	C:\WINDOWS\system32\CRYPT32.dll
0x00007ffdd5db0000 - 0x00007ffdd5e55000 	C:\WINDOWS\system32\clbcatq.dll
0x00007ffdd0a70000 - 0x00007ffdd0bf3000 	C:\WINDOWS\System32\PROPSYS.dll
0x00007ffdd6100000 - 0x00007ffdd61be000 	C:\WINDOWS\system32\OLEAUT32.dll
0x00007ffdca1d0000 - 0x00007ffdca26c000 	C:\WINDOWS\SYSTEM32\dsound.dll
0x00007ffdd0060000 - 0x00007ffdd00d2000 	C:\WINDOWS\System32\MMDevApi.dll
0x00007ffdb78d0000 - 0x00007ffdb7955000 	C:\WINDOWS\SYSTEM32\AUDIOSES.DLL
0x00007ffdceaf0000 - 0x00007ffdcec21000 	C:\WINDOWS\SYSTEM32\wintypes.dll
0x00007ffdd0f70000 - 0x00007ffdd0f92000 	C:\WINDOWS\system32\dwmapi.dll
0x00007ffdb7500000 - 0x00007ffdb7518000 	C:\WINDOWS\SYSTEM32\atig6pxx.dll
0x000000001a370000 - 0x000000001c170000 	C:\WINDOWS\SYSTEM32\atio6axx.dll
0x00007ffdd3ed0000 - 0x00007ffdd4095000 	C:\WINDOWS\system32\SETUPAPI.dll
0x00007ffdaea70000 - 0x00007ffdaebb1000 	C:\WINDOWS\SYSTEM32\atiadlxx.dll
0x00007ffdd10f0000 - 0x00007ffdd1103000 	C:\WINDOWS\SYSTEM32\WTSAPI32.dll
0x00007ffdb74d0000 - 0x00007ffdb74fc000 	C:\WINDOWS\SYSTEM32\atig6txx.dll
0x00007ffda2ae0000 - 0x00007ffda2b71000 	C:\WINDOWS\SYSTEM32\mscms.dll
0x00007ffdb7480000 - 0x00007ffdb74c2000 	C:\WINDOWS\SYSTEM32\icm32.dll
0x00007ffdd5d80000 - 0x00007ffdd5d9c000 	C:\WINDOWS\system32\imagehlp.dll
0x00007ffdd20e0000 - 0x00007ffdd2103000 	C:\WINDOWS\SYSTEM32\gpapi.dll
0x00007ffdc1260000 - 0x00007ffdc128f000 	C:\Windows\System32\cryptnet.dll
0x00007ffdd6730000 - 0x00007ffdd678b000 	C:\WINDOWS\system32\WLDAP32.dll
0x00007ffda0a80000 - 0x00007ffda0cc8000 	C:\PROGRA~2\Raptr\ltc_game64-105427.dll
0x00007ffdbd390000 - 0x00007ffdbd51a000 	C:\WINDOWS\SYSTEM32\dbghelp.dll

VM Arguments:
jvm_args: -Dfile.encoding=Cp1252 
java_command: com.mygdx.game.desktop.DesktopLauncher
java_class_path (initial): E:\PruebaKaza\desktop\bin;C:\Users\chema\.gradle\caches\modules-2\files-2.1\com.badlogicgames.gdx\gdx-backend-lwjgl\1.7.1\d4531b364d1c2513cb99e7bdd9515ae317007cf5\gdx-backend-lwjgl-1.7.1.jar;C:\Users\chema\.gradle\caches\modules-2\files-2.1\com.badlogicgames.gdx\gdx-box2d-platform\1.7.1\6c9c371807914fcf8b354bb51ab67af2a4fda2dc\gdx-box2d-platform-1.7.1-natives-desktop.jar;C:\Users\chema\.gradle\caches\modules-2\files-2.1\com.badlogicgames.gdx\gdx-platform\1.7.1\5cf3464f2b86da3534f6f5e3020bc303db3c4202\gdx-platform-1.7.1-natives-desktop.jar;C:\Users\chema\.gradle\caches\modules-2\files-2.1\com.badlogicgames.gdx\gdx\1.7.1\2179cc613447c297623a4a6d2ba6692c3aaff804\gdx-1.7.1.jar;C:\Users\chema\.gradle\caches\modules-2\files-2.1\com.badlogicgames.jlayer\jlayer\1.0.1-gdx\7cca83cec5c1b2f011362f4d85aabd71a73b049d\jlayer-1.0.1-gdx.jar;C:\Users\chema\.gradle\caches\modules-2\files-2.1\net.java.jinput\jinput-platform\2.0.5\385ee093e01f587f30ee1c8a2ee7d408fd732e16\jinput-platform-2.0.5-natives-windows.jar;C:\Users\chema\.gradle\caches\modules-2\files-2.1\net.java.jinput\jinput-platform\2.0.5\53f9c919f34d2ca9de8c51fc4e1e8282029a9232\jinput-platform-2.0.5-natives-osx.jar;C:\Users\chema\.gradle\caches\modules-2\files-2.1\net.java.jinput\jinput-platform\2.0.5\7ff832a6eb9ab6a767f1ade2b548092d0fa64795\jinput-platform-2.0.5-natives-linux.jar;C:\Users\chema\.gradle\caches\modules-2\files-2.1\net.java.jinput\jinput\2.0.5\39c7796b469a600f72380316f6b1f11db6c2c7c4\jinput-2.0.5.jar;C:\Users\chema\.gradle\caches\modules-2\files-2.1\net.java.jutils\jutils\1.0.0\e12fe1fda814bd348c1579329c86943d2cd3c6a6\jutils-1.0.0.jar;C:\Users\chema\.gradle\caches\modules-2\files-2.1\org.jcraft\jorbis\0.0.17\8872d22b293e8f5d7d56ff92be966e6dc28ebdc6\jorbis-0.0.17.jar;C:\Users\chema\.gradle\caches\modules-2\files-2.1\org.lwjgl.lwjgl\lwjgl-platform\2.9.2\510c7d317f5e9e700b9cfaac5fd38bdebf0702e0\lwjgl-platform-2.9.2-natives-windows.jar;C:\Users\chema\.gradle\caches\modules-2\files-2.1\o
Launcher Type: SUN_STANDARD

Environment Variables:
PATH=C:/Program Files/Java/jre1.8.0_65/bin/server;C:/Program Files/Java/jre1.8.0_65/bin;C:/Program Files/Java/jre1.8.0_65/lib/amd64;C:\ProgramData\Oracle\Java\javapath;C:\Program Files (x86)\NVIDIA Corporation\PhysX\Common;C:\WINDOWS\system32;C:\WINDOWS;C:\WINDOWS\System32\Wbem;C:\WINDOWS\System32\WindowsPowerShell\v1.0\;C:\Program Files (x86)\ATI Technologies\ATI.ACE\Core-Static;C:\Program Files (x86)\Skype\Phone\;E:\Program Files\AMD\ATI.ACE\Core-Static;E:\Program Files\MATLAB\R2015b\runtime\win64;E:\Program Files\MATLAB\R2015b\bin;C:\Program Files (x86)\Microsoft SQL Server\110\Tools\Binn\;C:\Program Files\Microsoft SQL Server\110\Tools\Binn\;C:\Program Files\Microsoft SQL Server\110\DTS\Binn\;E:\Program Files\MiKTeX 2.9\miktex\bin\x64\;C:\Users\chema\Desktop;
USERNAME=chema
OS=Windows_NT
PROCESSOR_IDENTIFIER=Intel64 Family 6 Model 42 Stepping 7, GenuineIntel



---------------  S Y S T E M  ---------------

OS: Windows 10.0 , 64 bit Build 10240 (10.0.10240.16384)

CPU:total 4 (4 cores per cpu, 1 threads per core) family 6 model 42 stepping 7, cmov, cx8, fxsr, mmx, sse, sse2, sse3, ssse3, sse4.1, sse4.2, popcnt, avx, aes, clmul, tsc, tscinvbit

Memory: 4k page, physical 8371316k(4915492k free), swap 9682036k(5075564k free)

vm_info: Java HotSpot(TM) 64-Bit Server VM (25.65-b01) for windows-amd64 JRE (1.8.0_65-b17), built on Oct  6 2015 16:39:20 by "java_re" with MS VC++ 10.0 (VS2010)

time: Fri Nov 20 12:45:18 2015
elapsed time: 88 seconds (0d 0h 1m 28s)

