#
# A fatal error has been detected by the Java Runtime Environment:
#
#  EXCEPTION_ACCESS_VIOLATION (0xc0000005) at pc=0x00007ff9f7d02224, pid=7096, tid=8148
#
# JRE version: Java(TM) SE Runtime Environment (8.0_65-b17) (build 1.8.0_65-b17)
# Java VM: Java HotSpot(TM) 64-Bit Server VM (25.65-b01 mixed mode windows-amd64 compressed oops)
# Problematic frame:
# C  [OPENGL32.dll+0xe2224]
#
# Failed to write core dump. Minidumps are not enabled by default on client versions of Windows
#
# If you would like to submit a bug report, please visit:
#   http://bugreport.java.com/bugreport/crash.jsp
#

---------------  T H R E A D  ---------------

Current thread (0x0000000016eb7800):  VMThread [stack: 0x0000000017f40000,0x0000000018040000] [id=8148]

siginfo: ExceptionCode=0xc0000005, reading address 0x0000000000000a38

Registers:
RAX=0x0000000000000000, RBX=0x00000000201f2e60, RCX=0x0000000000000001, RDX=0x00000000201f2e68
RSP=0x000000001803f018, RBP=0x0000000000000000, RSI=0x00000000201f4710, RDI=0x00000000201f4710
R8 =0x000000001803f098, R9 =0x0000000016dc5400, R10=0x0000000000000000, R11=0x0000000000000246
R12=0x0000000000000000, R13=0x000000001f1b7360, R14=0x000000001f1b7210, R15=0x0000000000000000
RIP=0x00007ff9f7d02224, EFLAGS=0x0000000000010287

Top of Stack: (sp=0x000000001803f018)
0x000000001803f018:   00007ff9fc6929fb 000000001f1b7360
0x000000001803f028:   0000000000000001 000000001f1b0000
0x000000001803f038:   00007ffa1a6807d9 0000000000000000
0x000000001803f048:   00007ff9fc6984c7 0000000000000000
0x000000001803f058:   0000000000000000 000000001f1b7340
0x000000001803f068:   00007ff9fc697833 fffffffffffffffe
0x000000001803f078:   000000001803f0e0 0000000000000000
0x000000001803f088:   00007ff9fc698d79 00000000201f4710
0x000000001803f098:   00000000201f7190 0000000016dc5400
0x000000001803f0a8:   00007ff9fc715638 fffffffffffffffe
0x000000001803f0b8:   000000001f1b9860 0000000000000001
0x000000001803f0c8:   000000001f1b7338 000000001f1b7210
0x000000001803f0d8:   00007ff9fc71d6ed 00007ff9fc8565b0
0x000000001803f0e8:   00007ff9fc781870 0000000016dc5400
0x000000001803f0f8:   00007ffa1a6807bd 000000001f1b7338
0x000000001803f108:   000000001f1b7210 000000001f1b7210 

Instructions: (pc=0x00007ff9f7d02224)
0x00007ff9f7d02204:   cc cc cc cc cc cc 66 0f 1f 44 00 00 8b 05 f2 7d
0x00007ff9f7d02214:   01 00 83 f8 40 73 0f 65 48 8b 04 c5 80 14 00 00
0x00007ff9f7d02224:   ff a0 38 0a 00 00 b8 47 01 00 00 e9 ec d4 ff ff
0x00007ff9f7d02234:   cc cc cc cc cc cc 66 0f 1f 44 00 00 8b 05 c2 7d 


Register to memory mapping:

RAX=0x0000000000000000 is an unknown value
RBX=0x00000000201f2e60 is an unknown value
RCX=0x0000000000000001 is an unknown value
RDX=0x00000000201f2e68 is an unknown value
RSP=0x000000001803f018 is an unknown value
RBP=0x0000000000000000 is an unknown value
RSI=0x00000000201f4710 is an unknown value
RDI=0x00000000201f4710 is an unknown value
R8 =0x000000001803f098 is an unknown value
R9 =0x0000000016dc5400 is an unknown value
R10=0x0000000000000000 is an unknown value
R11=0x0000000000000246 is an unknown value
R12=0x0000000000000000 is an unknown value
R13=0x000000001f1b7360 is an unknown value
R14=0x000000001f1b7210 is an unknown value
R15=0x0000000000000000 is an unknown value


Stack: [0x0000000017f40000,0x0000000018040000],  sp=0x000000001803f018,  free space=1020k
Native frames: (J=compiled Java code, j=interpreted, Vv=VM code, C=native code)

VM_Operation (0x000000001993ee90): Exit, mode: safepoint, requested by thread 0x0000000018a88000


---------------  P R O C E S S  ---------------

Java Threads: ( => current thread )
  0x0000000018b00000 JavaThread "LWJGL Timer" daemon [_thread_blocked, id=6644, stack(0x000000001f9f0000,0x000000001faf0000)]
  0x00000000009ae000 JavaThread "DestroyJavaVM" [_thread_blocked, id=832, stack(0x0000000002100000,0x0000000002200000)]
  0x0000000018a88000 JavaThread "LWJGL Application" [_thread_blocked, id=4984, stack(0x0000000019840000,0x0000000019940000)]
  0x0000000016f4e000 JavaThread "Service Thread" daemon [_thread_blocked, id=2336, stack(0x0000000018c40000,0x0000000018d40000)]
  0x0000000016ef3800 JavaThread "C1 CompilerThread2" daemon [_thread_blocked, id=5260, stack(0x0000000018740000,0x0000000018840000)]
  0x0000000016ef0800 JavaThread "C2 CompilerThread1" daemon [_thread_blocked, id=4656, stack(0x0000000018640000,0x0000000018740000)]
  0x0000000016eee000 JavaThread "C2 CompilerThread0" daemon [_thread_blocked, id=3376, stack(0x0000000018540000,0x0000000018640000)]
  0x0000000016eed000 JavaThread "Attach Listener" daemon [_thread_blocked, id=8876, stack(0x0000000018440000,0x0000000018540000)]
  0x0000000016eec000 JavaThread "Signal Dispatcher" daemon [_thread_blocked, id=3128, stack(0x0000000018340000,0x0000000018440000)]
  0x0000000016eb9000 JavaThread "Finalizer" daemon [_thread_blocked, id=4800, stack(0x0000000018140000,0x0000000018240000)]
  0x00000000022f1800 JavaThread "Reference Handler" daemon [_thread_blocked, id=5552, stack(0x0000000018040000,0x0000000018140000)]

Other Threads:
=>0x0000000016eb7800 VMThread [stack: 0x0000000017f40000,0x0000000018040000] [id=8148]

VM state:at safepoint (shutting down)

VM Mutex/Monitor currently owned by a thread:  ([mutex/lock_event])
[0x00000000009addb0] Threads_lock - owner thread: 0x0000000016eb7800

Heap:
 PSYoungGen      total 38400K, used 16195K [0x00000000d5700000, 0x00000000d8180000, 0x0000000100000000)
  eden space 33280K, 48% used [0x00000000d5700000,0x00000000d66d0d10,0x00000000d7780000)
  from space 5120K, 0% used [0x00000000d7c80000,0x00000000d7c80000,0x00000000d8180000)
  to   space 5120K, 0% used [0x00000000d7780000,0x00000000d7780000,0x00000000d7c80000)
 ParOldGen       total 87552K, used 0K [0x0000000080400000, 0x0000000085980000, 0x00000000d5700000)
  object space 87552K, 0% used [0x0000000080400000,0x0000000080400000,0x0000000085980000)
 Metaspace       used 6481K, capacity 6915K, committed 7168K, reserved 1056768K
  class space    used 602K, capacity 656K, committed 768K, reserved 1048576K

Card table byte_map: [0x00000000116c0000,0x0000000011ac0000] byte_map_base: 0x00000000112be000

Marking Bits: (ParMarkBitMap*) 0x0000000054a4a5b0
 Begin Bits: [0x0000000012170000, 0x0000000014160000)
 End Bits:   [0x0000000014160000, 0x0000000016150000)

Polling page: 0x00000000001f0000

CodeCache: size=245760Kb used=3122Kb max_used=3137Kb free=242637Kb
 bounds [0x0000000002300000, 0x0000000002620000, 0x0000000011300000]
 total_blobs=1200 nmethods=764 adapters=349
 compilation: enabled

Compilation events (10 events):
Event: 92.818 Thread 0x0000000016ef0800 nmethod 760 0x000000000260b5d0 code [0x000000000260b7c0, 0x000000000260c5c0]
Event: 92.819 Thread 0x0000000016eee000  761   !   4       org.lwjgl.opengl.Display::isActive (38 bytes)
Event: 92.821 Thread 0x0000000016eee000 nmethod 761 0x000000000260b150 code [0x000000000260b2a0, 0x000000000260b4f8]
Event: 94.952 Thread 0x0000000016ef0800  762       4       com.badlogic.gdx.backends.lwjgl.LwjglInput::update (13 bytes)
Event: 94.952 Thread 0x0000000016eee000  763       4       com.badlogic.gdx.graphics.g2d.SpriteBatch::begin (65 bytes)
Event: 94.954 Thread 0x0000000016ef0800 nmethod 762 0x00000000025fdbd0 code [0x00000000025fdd40, 0x00000000025fde18]
Event: 94.954 Thread 0x0000000016ef0800  764       4       com.badlogic.gdx.graphics.g2d.SpriteBatch::end (90 bytes)
Event: 94.961 Thread 0x0000000016ef0800 nmethod 764 0x0000000002602690 code [0x0000000002602840, 0x0000000002602bf0]
Event: 94.986 Thread 0x0000000016eee000 nmethod 763 0x0000000002614850 code [0x0000000002614aa0, 0x0000000002615990]
Event: 99.159 Thread 0x0000000016ef3800  765  s    3       java.util.Vector::elementAt (48 bytes)

GC Heap History (0 events):
No events

Deoptimization events (0 events):
No events

Internal exceptions (10 events):
Event: 0.100 Thread 0x00000000009ae000 Exception <a 'java/security/PrivilegedActionException'> (0x00000000d59e8168) thrown at [C:\workspace\8-2-build-windows-amd64-cygwin\jdk8u65\4987\hotspot\src\share\vm\prims\jvm.cpp, line 1386]
Event: 0.100 Thread 0x00000000009ae000 Exception <a 'java/security/PrivilegedActionException'> (0x00000000d59e8378) thrown at [C:\workspace\8-2-build-windows-amd64-cygwin\jdk8u65\4987\hotspot\src\share\vm\prims\jvm.cpp, line 1386]
Event: 0.101 Thread 0x00000000009ae000 Exception <a 'java/security/PrivilegedActionException'> (0x00000000d59ebf20) thrown at [C:\workspace\8-2-build-windows-amd64-cygwin\jdk8u65\4987\hotspot\src\share\vm\prims\jvm.cpp, line 1386]
Event: 0.101 Thread 0x00000000009ae000 Exception <a 'java/security/PrivilegedActionException'> (0x00000000d59ec130) thrown at [C:\workspace\8-2-build-windows-amd64-cygwin\jdk8u65\4987\hotspot\src\share\vm\prims\jvm.cpp, line 1386]
Event: 0.173 Thread 0x00000000009ae000 Exception <a 'java/security/PrivilegedActionException'> (0x00000000d5af3b08) thrown at [C:\workspace\8-2-build-windows-amd64-cygwin\jdk8u65\4987\hotspot\src\share\vm\prims\jvm.cpp, line 1386]
Event: 0.173 Thread 0x00000000009ae000 Exception <a 'java/security/PrivilegedActionException'> (0x00000000d5af57e0) thrown at [C:\workspace\8-2-build-windows-amd64-cygwin\jdk8u65\4987\hotspot\src\share\vm\prims\jvm.cpp, line 1386]
Event: 0.173 Thread 0x00000000009ae000 Exception <a 'java/security/PrivilegedActionException'> (0x00000000d5af6950) thrown at [C:\workspace\8-2-build-windows-amd64-cygwin\jdk8u65\4987\hotspot\src\share\vm\prims\jvm.cpp, line 1386]
Event: 0.173 Thread 0x00000000009ae000 Exception <a 'java/security/PrivilegedActionException'> (0x00000000d5afbab8) thrown at [C:\workspace\8-2-build-windows-amd64-cygwin\jdk8u65\4987\hotspot\src\share\vm\prims\jvm.cpp, line 1386]
Event: 0.173 Thread 0x00000000009ae000 Exception <a 'java/security/PrivilegedActionException'> (0x00000000d5afc710) thrown at [C:\workspace\8-2-build-windows-amd64-cygwin\jdk8u65\4987\hotspot\src\share\vm\prims\jvm.cpp, line 1386]
Event: 0.173 Thread 0x00000000009ae000 Exception <a 'java/security/PrivilegedActionException'> (0x00000000d5afd338) thrown at [C:\workspace\8-2-build-windows-amd64-cygwin\jdk8u65\4987\hotspot\src\share\vm\prims\jvm.cpp, line 1386]

Events (10 events):
Event: 99.159 loading class java/util/HashMap$Values done
Event: 99.159 loading class java/util/HashMap$ValueIterator
Event: 99.159 loading class java/util/HashMap$ValueIterator done
Event: 99.159 loading class java/util/IdentityHashMap$KeySet
Event: 99.159 loading class java/util/IdentityHashMap$KeySet done
Event: 99.159 loading class java/util/IdentityHashMap$KeyIterator
Event: 99.159 loading class java/util/IdentityHashMap$IdentityHashMapIterator
Event: 99.159 loading class java/util/IdentityHashMap$IdentityHashMapIterator done
Event: 99.159 loading class java/util/IdentityHashMap$KeyIterator done
Event: 99.159 Executing VM operation: Exit


Dynamic libraries:
0x00007ff6a5d00000 - 0x00007ff6a5d37000 	C:\Program Files\Java\jre1.8.0_65\bin\javaw.exe
0x00007ffa1a660000 - 0x00007ffa1a821000 	C:\WINDOWS\SYSTEM32\ntdll.dll
0x00007ffa1a450000 - 0x00007ffa1a4fd000 	C:\WINDOWS\system32\KERNEL32.DLL
0x00007ffa16dc0000 - 0x00007ffa16fa8000 	C:\WINDOWS\system32\KERNELBASE.dll
0x00007ffa17a60000 - 0x00007ffa17b07000 	C:\WINDOWS\system32\ADVAPI32.dll
0x00007ffa1a230000 - 0x00007ffa1a2cd000 	C:\WINDOWS\system32\msvcrt.dll
0x00007ffa18350000 - 0x00007ffa183ab000 	C:\WINDOWS\system32\sechost.dll
0x00007ffa1a110000 - 0x00007ffa1a22c000 	C:\WINDOWS\system32\RPCRT4.dll
0x00007ffa1a500000 - 0x00007ffa1a656000 	C:\WINDOWS\system32\USER32.dll
0x00007ffa19af0000 - 0x00007ffa19c76000 	C:\WINDOWS\system32\GDI32.dll
0x00007ffa09910000 - 0x00007ffa09b84000 	C:\WINDOWS\WinSxS\amd64_microsoft.windows.common-controls_6595b64144ccf1df_6.0.10586.0_none_8c15ae12515e1c22\COMCTL32.dll
0x00007ffa17b20000 - 0x00007ffa17d9d000 	C:\WINDOWS\system32\combase.dll
0x00007ffa176b0000 - 0x00007ffa1771a000 	C:\WINDOWS\system32\bcryptPrimitives.dll
0x00007ffa1a340000 - 0x00007ffa1a37b000 	C:\WINDOWS\system32\IMM32.DLL
0x00000000540f0000 - 0x00000000541c2000 	C:\Program Files\Java\jre1.8.0_65\bin\msvcr100.dll
0x0000000054240000 - 0x0000000054ac9000 	C:\Program Files\Java\jre1.8.0_65\bin\server\jvm.dll
0x00007ffa1a330000 - 0x00007ffa1a338000 	C:\WINDOWS\system32\PSAPI.DLL
0x00007ffa14f00000 - 0x00007ffa14f23000 	C:\WINDOWS\SYSTEM32\WINMM.dll
0x00007ffa12d20000 - 0x00007ffa12d2a000 	C:\WINDOWS\SYSTEM32\VERSION.dll
0x00007ffa09900000 - 0x00007ffa09909000 	C:\WINDOWS\SYSTEM32\WSOCK32.dll
0x00007ffa14ea0000 - 0x00007ffa14ecc000 	C:\WINDOWS\SYSTEM32\WINMMBASE.dll
0x00007ffa16d10000 - 0x00007ffa16d53000 	C:\WINDOWS\system32\cfgmgr32.dll
0x00007ffa1a3e0000 - 0x00007ffa1a44b000 	C:\WINDOWS\system32\WS2_32.dll
0x00000000550d0000 - 0x00000000550df000 	C:\Program Files\Java\jre1.8.0_65\bin\verify.dll
0x00000000550a0000 - 0x00000000550c9000 	C:\Program Files\Java\jre1.8.0_65\bin\java.dll
0x0000000055080000 - 0x0000000055096000 	C:\Program Files\Java\jre1.8.0_65\bin\zip.dll
0x00007ffa183b0000 - 0x00007ffa1990f000 	C:\WINDOWS\system32\SHELL32.dll
0x00007ffa16fb0000 - 0x00007ffa175f4000 	C:\WINDOWS\system32\windows.storage.dll
0x00007ffa1a380000 - 0x00007ffa1a3d2000 	C:\WINDOWS\system32\shlwapi.dll
0x00007ffa16cd0000 - 0x00007ffa16cdf000 	C:\WINDOWS\system32\kernel.appcore.dll
0x00007ffa179a0000 - 0x00007ffa17a55000 	C:\WINDOWS\system32\shcore.dll
0x00007ffa16c80000 - 0x00007ffa16ccb000 	C:\WINDOWS\system32\powrprof.dll
0x00007ffa16ce0000 - 0x00007ffa16cf4000 	C:\WINDOWS\system32\profapi.dll
0x0000000065580000 - 0x0000000065616000 	C:\Users\chema\AppData\Local\Temp\libgdxchema\12247155\gdx64.dll
0x00007ffa16600000 - 0x00007ffa16617000 	C:\WINDOWS\SYSTEM32\CRYPTSP.dll
0x00007ffa16290000 - 0x00007ffa162c4000 	C:\WINDOWS\system32\rsaenh.dll
0x00007ffa16bb0000 - 0x00007ffa16bd9000 	C:\WINDOWS\SYSTEM32\bcrypt.dll
0x00007ffa163e0000 - 0x00007ffa163ff000 	C:\WINDOWS\SYSTEM32\USERENV.dll
0x00007ffa16720000 - 0x00007ffa1672b000 	C:\WINDOWS\SYSTEM32\CRYPTBASE.dll
0x0000000054220000 - 0x000000005423a000 	C:\Program Files\Java\jre1.8.0_65\bin\net.dll
0x00007ffa16550000 - 0x00007ffa165ac000 	C:\WINDOWS\system32\mswsock.dll
0x00007ffa14130000 - 0x00007ffa14168000 	C:\WINDOWS\SYSTEM32\IPHLPAPI.DLL
0x00007ffa17b10000 - 0x00007ffa17b18000 	C:\WINDOWS\system32\NSI.dll
0x00007ffa13780000 - 0x00007ffa13796000 	C:\WINDOWS\SYSTEM32\dhcpcsvc6.DLL
0x00007ffa13730000 - 0x00007ffa1374a000 	C:\WINDOWS\SYSTEM32\dhcpcsvc.DLL
0x0000000054200000 - 0x0000000054211000 	C:\Program Files\Java\jre1.8.0_65\bin\nio.dll
0x0000000180000000 - 0x0000000180053000 	C:\Users\chema\AppData\Local\Temp\libgdxchema\dc0f0009\lwjgl64.dll
0x00007ff9f7c20000 - 0x00007ff9f7d49000 	C:\WINDOWS\SYSTEM32\OPENGL32.dll
0x00007ff9f7b20000 - 0x00007ff9f7c1a000 	C:\WINDOWS\SYSTEM32\DDRAW.dll
0x00007ffa11990000 - 0x00007ffa119be000 	C:\WINDOWS\SYSTEM32\GLU32.dll
0x00007ffa13250000 - 0x00007ffa13258000 	C:\WINDOWS\SYSTEM32\DCIMAN32.dll
0x0000000019180000 - 0x00000000191e4000 	C:\Users\chema\AppData\Local\Temp\libgdxchema\dc0f0009\OpenAL64.dll
0x00007ffa19d30000 - 0x00007ffa19e73000 	C:\WINDOWS\system32\ole32.dll
0x00007ffa156b0000 - 0x00007ffa15746000 	C:\WINDOWS\system32\uxtheme.dll
0x00007ff9f01f0000 - 0x00007ff9f0218000 	C:\Program Files (x86)\Raptr\ltc_help64-106010.dll
0x00007ffa16d60000 - 0x00007ffa16db5000 	C:\WINDOWS\system32\WINTRUST.dll
0x00007ffa16d00000 - 0x00007ffa16d10000 	C:\WINDOWS\system32\MSASN1.dll
0x00007ffa177d0000 - 0x00007ffa17997000 	C:\WINDOWS\system32\CRYPT32.dll
0x00007ffa19c80000 - 0x00007ffa19d27000 	C:\WINDOWS\system32\clbcatq.dll
0x00007ffa148b0000 - 0x00007ffa14a36000 	C:\WINDOWS\System32\PROPSYS.dll
0x00007ffa19e90000 - 0x00007ffa19f51000 	C:\WINDOWS\system32\OLEAUT32.dll
0x00007ffa11af0000 - 0x00007ffa11b8c000 	C:\WINDOWS\SYSTEM32\dsound.dll
0x00007ffa13460000 - 0x00007ffa134d0000 	C:\WINDOWS\System32\MMDevApi.dll
0x00007ffa15750000 - 0x00007ffa15777000 	C:\WINDOWS\System32\DEVOBJ.dll
0x00007ff9ffb10000 - 0x00007ff9ffb98000 	C:\WINDOWS\SYSTEM32\AUDIOSES.DLL
0x00007ffa0f230000 - 0x00007ffa0f366000 	C:\WINDOWS\SYSTEM32\wintypes.dll
0x00007ffa17da0000 - 0x00007ffa17efa000 	C:\WINDOWS\system32\MSCTF.dll
0x00007ffa14b80000 - 0x00007ffa14ba2000 	C:\WINDOWS\system32\dwmapi.dll
0x00007ffa133d0000 - 0x00007ffa133e8000 	C:\WINDOWS\SYSTEM32\atig6pxx.dll
0x00000000522f0000 - 0x00000000540f0000 	C:\WINDOWS\SYSTEM32\atio6axx.dll
0x00007ffa17f20000 - 0x00007ffa18349000 	C:\WINDOWS\system32\SETUPAPI.dll
0x00007ff9f1670000 - 0x00007ff9f17b1000 	C:\WINDOWS\SYSTEM32\atiadlxx.dll
0x00007ffa14a80000 - 0x00007ffa14a93000 	C:\WINDOWS\SYSTEM32\WTSAPI32.dll
0x00007ffa11be0000 - 0x00007ffa11c0c000 	C:\WINDOWS\SYSTEM32\atig6txx.dll
0x00007ffa05b30000 - 0x00007ffa05bc1000 	C:\WINDOWS\SYSTEM32\mscms.dll
0x00007ffa05a90000 - 0x00007ffa05ad2000 	C:\WINDOWS\SYSTEM32\icm32.dll
0x00007ffa17f00000 - 0x00007ffa17f1c000 	C:\WINDOWS\system32\imagehlp.dll
0x00007ffa15c80000 - 0x00007ffa15ca4000 	C:\WINDOWS\SYSTEM32\gpapi.dll
0x00007ffa04d00000 - 0x00007ffa04d2f000 	C:\Windows\System32\cryptnet.dll
0x00007ffa141a0000 - 0x00007ffa141ab000 	C:\WINDOWS\SYSTEM32\WINNSI.DLL
0x00007ff9fc630000 - 0x00007ff9fc878000 	C:\PROGRA~2\Raptr\ltc_game64-106010.dll
0x00007ffa139a0000 - 0x00007ffa13b2c000 	C:\WINDOWS\SYSTEM32\dbghelp.dll

VM Arguments:
jvm_args: -Dfile.encoding=Cp1252 
java_command: com.mygdx.game.desktop.DesktopLauncher
java_class_path (initial): E:\PruebaKaza\desktop\bin;C:\Users\chema\.gradle\caches\modules-2\files-2.1\com.badlogicgames.gdx\gdx-backend-lwjgl\1.7.1\d4531b364d1c2513cb99e7bdd9515ae317007cf5\gdx-backend-lwjgl-1.7.1.jar;C:\Users\chema\.gradle\caches\modules-2\files-2.1\com.badlogicgames.gdx\gdx-box2d-platform\1.7.1\6c9c371807914fcf8b354bb51ab67af2a4fda2dc\gdx-box2d-platform-1.7.1-natives-desktop.jar;C:\Users\chema\.gradle\caches\modules-2\files-2.1\com.badlogicgames.gdx\gdx-platform\1.7.1\5cf3464f2b86da3534f6f5e3020bc303db3c4202\gdx-platform-1.7.1-natives-desktop.jar;C:\Users\chema\.gradle\caches\modules-2\files-2.1\com.badlogicgames.gdx\gdx\1.7.1\2179cc613447c297623a4a6d2ba6692c3aaff804\gdx-1.7.1.jar;C:\Users\chema\.gradle\caches\modules-2\files-2.1\com.badlogicgames.jlayer\jlayer\1.0.1-gdx\7cca83cec5c1b2f011362f4d85aabd71a73b049d\jlayer-1.0.1-gdx.jar;C:\Users\chema\.gradle\caches\modules-2\files-2.1\net.java.jinput\jinput-platform\2.0.5\385ee093e01f587f30ee1c8a2ee7d408fd732e16\jinput-platform-2.0.5-natives-windows.jar;C:\Users\chema\.gradle\caches\modules-2\files-2.1\net.java.jinput\jinput-platform\2.0.5\53f9c919f34d2ca9de8c51fc4e1e8282029a9232\jinput-platform-2.0.5-natives-osx.jar;C:\Users\chema\.gradle\caches\modules-2\files-2.1\net.java.jinput\jinput-platform\2.0.5\7ff832a6eb9ab6a767f1ade2b548092d0fa64795\jinput-platform-2.0.5-natives-linux.jar;C:\Users\chema\.gradle\caches\modules-2\files-2.1\net.java.jinput\jinput\2.0.5\39c7796b469a600f72380316f6b1f11db6c2c7c4\jinput-2.0.5.jar;C:\Users\chema\.gradle\caches\modules-2\files-2.1\net.java.jutils\jutils\1.0.0\e12fe1fda814bd348c1579329c86943d2cd3c6a6\jutils-1.0.0.jar;C:\Users\chema\.gradle\caches\modules-2\files-2.1\org.jcraft\jorbis\0.0.17\8872d22b293e8f5d7d56ff92be966e6dc28ebdc6\jorbis-0.0.17.jar;C:\Users\chema\.gradle\caches\modules-2\files-2.1\org.lwjgl.lwjgl\lwjgl-platform\2.9.2\510c7d317f5e9e700b9cfaac5fd38bdebf0702e0\lwjgl-platform-2.9.2-natives-windows.jar;C:\Users\chema\.gradle\caches\modules-2\files-2.1\o
Launcher Type: SUN_STANDARD

Environment Variables:
PATH=C:/Program Files/Java/jre1.8.0_65/bin/server;C:/Program Files/Java/jre1.8.0_65/bin;C:/Program Files/Java/jre1.8.0_65/lib/amd64;C:\ProgramData\Oracle\Java\javapath;C:\Program Files (x86)\NVIDIA Corporation\PhysX\Common;C:\WINDOWS\system32;C:\WINDOWS;C:\WINDOWS\System32\Wbem;C:\WINDOWS\System32\WindowsPowerShell\v1.0\;C:\Program Files (x86)\ATI Technologies\ATI.ACE\Core-Static;C:\Program Files (x86)\Skype\Phone\;E:\Program Files\AMD\ATI.ACE\Core-Static;E:\Program Files\MATLAB\R2015b\runtime\win64;E:\Program Files\MATLAB\R2015b\bin;C:\Program Files (x86)\Microsoft SQL Server\110\Tools\Binn\;C:\Program Files\Microsoft SQL Server\110\Tools\Binn\;C:\Program Files\Microsoft SQL Server\110\DTS\Binn\;E:\Program Files\MiKTeX 2.9\miktex\bin\x64\;C:\WINDOWS\system32;C:\WINDOWS;C:\WINDOWS\System32\Wbem;C:\WINDOWS\System32\WindowsPowerShell\v1.0\;C:\WINDOWS\system32;
USERNAME=chema
OS=Windows_NT
PROCESSOR_IDENTIFIER=Intel64 Family 6 Model 42 Stepping 7, GenuineIntel



---------------  S Y S T E M  ---------------

OS: Windows 10.0 , 64 bit Build 10586 (10.0.10586.0)

CPU:total 4 (4 cores per cpu, 1 threads per core) family 6 model 42 stepping 7, cmov, cx8, fxsr, mmx, sse, sse2, sse3, ssse3, sse4.1, sse4.2, popcnt, avx, aes, clmul, tsc, tscinvbit

Memory: 4k page, physical 8371316k(4227792k free), swap 10337396k(4824904k free)

vm_info: Java HotSpot(TM) 64-Bit Server VM (25.65-b01) for windows-amd64 JRE (1.8.0_65-b17), built on Oct  6 2015 16:39:20 by "java_re" with MS VC++ 10.0 (VS2010)

time: Mon Dec 07 12:31:24 2015
elapsed time: 99 seconds (0d 0h 1m 39s)

